Determining if the pthread_create exist failed with the following output:
Change Dir: /home/rafael/tuto_ws/build/CMakeFiles/CMakeTmp

Run Build Command:"/usr/bin/make" "cmTC_66940/fast"
/usr/bin/make -f CMakeFiles/cmTC_66940.dir/build.make CMakeFiles/cmTC_66940.dir/build
make[1]: Entering directory '/home/rafael/tuto_ws/build/CMakeFiles/CMakeTmp'
Building C object CMakeFiles/cmTC_66940.dir/CheckSymbolExists.c.o
/usr/bin/cc    -o CMakeFiles/cmTC_66940.dir/CheckSymbolExists.c.o   -c /home/rafael/tuto_ws/build/CMakeFiles/CMakeTmp/CheckSymbolExists.c
Linking C executable cmTC_66940
/usr/bin/cmake -E cmake_link_script CMakeFiles/cmTC_66940.dir/link.txt --verbose=1
/usr/bin/cc      -rdynamic CMakeFiles/cmTC_66940.dir/CheckSymbolExists.c.o  -o cmTC_66940 
CMakeFiles/cmTC_66940.dir/CheckSymbolExists.c.o: In function `main':
CheckSymbolExists.c:(.text+0x1b): undefined reference to `pthread_create'
collect2: error: ld returned 1 exit status
CMakeFiles/cmTC_66940.dir/build.make:97: recipe for target 'cmTC_66940' failed
make[1]: *** [cmTC_66940] Error 1
make[1]: Leaving directory '/home/rafael/tuto_ws/build/CMakeFiles/CMakeTmp'
Makefile:126: recipe for target 'cmTC_66940/fast' failed
make: *** [cmTC_66940/fast] Error 2

File /home/rafael/tuto_ws/build/CMakeFiles/CMakeTmp/CheckSymbolExists.c:
/* */
#include <pthread.h>

int main(int argc, char** argv)
{
  (void)argv;
#ifndef pthread_create
  return ((int*)(&pthread_create))[argc];
#else
  (void)argc;
  return 0;
#endif
}

Determining if the function pthread_create exists in the pthreads failed with the following output:
Change Dir: /home/rafael/tuto_ws/build/CMakeFiles/CMakeTmp

Run Build Command:"/usr/bin/make" "cmTC_b4660/fast"
/usr/bin/make -f CMakeFiles/cmTC_b4660.dir/build.make CMakeFiles/cmTC_b4660.dir/build
make[1]: Entering directory '/home/rafael/tuto_ws/build/CMakeFiles/CMakeTmp'
Building C object CMakeFiles/cmTC_b4660.dir/CheckFunctionExists.c.o
/usr/bin/cc   -DCHECK_FUNCTION_EXISTS=pthread_create   -o CMakeFiles/cmTC_b4660.dir/CheckFunctionExists.c.o   -c /usr/share/cmake-3.10/Modules/CheckFunctionExists.c
Linking C executable cmTC_b4660
/usr/bin/cmake -E cmake_link_script CMakeFiles/cmTC_b4660.dir/link.txt --verbose=1
/usr/bin/cc  -DCHECK_FUNCTION_EXISTS=pthread_create    -rdynamic CMakeFiles/cmTC_b4660.dir/CheckFunctionExists.c.o  -o cmTC_b4660 -lpthreads 
/usr/bin/ld: cannot find -lpthreads
collect2: error: ld returned 1 exit status
CMakeFiles/cmTC_b4660.dir/build.make:97: recipe for target 'cmTC_b4660' failed
make[1]: *** [cmTC_b4660] Error 1
make[1]: Leaving directory '/home/rafael/tuto_ws/build/CMakeFiles/CMakeTmp'
Makefile:126: recipe for target 'cmTC_b4660/fast' failed
make: *** [cmTC_b4660/fast] Error 2


